  소스.cpp
c:\users\ddolgi\documents\xml-parser-with-c-\consoleapplication1\consoleapplication1\parserCustom.h(32): warning C4267: '초기화 중': 'size_t'에서 'int'(으)로 변환하면서 데이터가 손실될 수 있습니다.
C:\Users\DDoLgi\Pictures\Desktop\vcpkg-master\installed\x64-windows\include\iconv.h : warning C4819: 현재 코드 페이지(949)에서 표시할 수 없는 문자가 파일에 들어 있습니다. 데이터가 손실되지 않게 하려면 해당 파일을 유니코드 형식으로 저장하십시오.
소스.cpp(94): warning C4267: '=': 'size_t'에서 'int'(으)로 변환하면서 데이터가 손실될 수 있습니다.
소스.cpp(54): warning C4996: 'fopen': This function or variable may be unsafe. Consider using fopen_s instead. To disable deprecation, use _CRT_SECURE_NO_WARNINGS. See online help for details.
  C:\Program Files (x86)\Windows Kits\10\Include\10.0.15063.0\ucrt\stdio.h(207): note: 'fopen' 선언을 참조하십시오.
소스.cpp(55): warning C4996: 'fopen': This function or variable may be unsafe. Consider using fopen_s instead. To disable deprecation, use _CRT_SECURE_NO_WARNINGS. See online help for details.
  C:\Program Files (x86)\Windows Kits\10\Include\10.0.15063.0\ucrt\stdio.h(207): note: 'fopen' 선언을 참조하십시오.
소스.cpp(56): warning C4996: 'fopen': This function or variable may be unsafe. Consider using fopen_s instead. To disable deprecation, use _CRT_SECURE_NO_WARNINGS. See online help for details.
  C:\Program Files (x86)\Windows Kits\10\Include\10.0.15063.0\ucrt\stdio.h(207): note: 'fopen' 선언을 참조하십시오.
소스.cpp(57): warning C4996: 'fopen': This function or variable may be unsafe. Consider using fopen_s instead. To disable deprecation, use _CRT_SECURE_NO_WARNINGS. See online help for details.
  C:\Program Files (x86)\Windows Kits\10\Include\10.0.15063.0\ucrt\stdio.h(207): note: 'fopen' 선언을 참조하십시오.
소스.cpp(58): warning C4996: 'fopen': This function or variable may be unsafe. Consider using fopen_s instead. To disable deprecation, use _CRT_SECURE_NO_WARNINGS. See online help for details.
  C:\Program Files (x86)\Windows Kits\10\Include\10.0.15063.0\ucrt\stdio.h(207): note: 'fopen' 선언을 참조하십시오.
소스.cpp(59): warning C4996: 'fopen': This function or variable may be unsafe. Consider using fopen_s instead. To disable deprecation, use _CRT_SECURE_NO_WARNINGS. See online help for details.
  C:\Program Files (x86)\Windows Kits\10\Include\10.0.15063.0\ucrt\stdio.h(207): note: 'fopen' 선언을 참조하십시오.
소스.cpp(60): warning C4996: 'fopen': This function or variable may be unsafe. Consider using fopen_s instead. To disable deprecation, use _CRT_SECURE_NO_WARNINGS. See online help for details.
  C:\Program Files (x86)\Windows Kits\10\Include\10.0.15063.0\ucrt\stdio.h(207): note: 'fopen' 선언을 참조하십시오.
소스.cpp(24): warning C4101: 'atoiCustomStore' :참조되지 않은 지역 변수입니다.
소스.cpp(47): warning C4101: 'ret' :참조되지 않은 지역 변수입니다.
     C:\Users\DDoLgi\Documents\XML-Parser-with-C-\ConsoleApplication1\x64\Release\ConsoleApplication1.lib 라이브러리 및 C:\Users\DDoLgi\Documents\XML-Parser-with-C-\ConsoleApplication1\x64\Release\ConsoleApplication1.exp 개체를 생성하고 있습니다.
LINK : warning LNK4098: 'LIBCMT' defaultlib가 다른 라이브러리와 충돌합니다. /NODEFAULTLIB:library를 사용하십시오.
  코드를 생성하고 있습니다.
  33 of 2826 functions ( 1.2%) were compiled, the rest were copied from previous compilation.
    0 functions were new in current compilation
    28 functions had inline decision re-evaluated but remain unchanged
  코드를 생성했습니다.
libxml2.lib(tree.obj) : warning LNK4099: 'libxml2.pdb' PDB를 'libxml2.lib(tree.obj)' 또는 'C:\Users\DDoLgi\Documents\XML-Parser-with-C-\ConsoleApplication1\x64\Release\libxml2.pdb'에서 찾을 수 없습니다. 디버그 정보가 없는 것처럼 개체를 링크합니다.
libxml2.lib(parser.obj) : warning LNK4099: 'libxml2.pdb' PDB를 'libxml2.lib(parser.obj)' 또는 'C:\Users\DDoLgi\Documents\XML-Parser-with-C-\ConsoleApplication1\x64\Release\libxml2.pdb'에서 찾을 수 없습니다. 디버그 정보가 없는 것처럼 개체를 링크합니다.
libxml2.lib(xmlstring.obj) : warning LNK4099: 'libxml2.pdb' PDB를 'libxml2.lib(xmlstring.obj)' 또는 'C:\Users\DDoLgi\Documents\XML-Parser-with-C-\ConsoleApplication1\x64\Release\libxml2.pdb'에서 찾을 수 없습니다. 디버그 정보가 없는 것처럼 개체를 링크합니다.
libxml2.lib(buf.obj) : warning LNK4099: 'libxml2.pdb' PDB를 'libxml2.lib(buf.obj)' 또는 'C:\Users\DDoLgi\Documents\XML-Parser-with-C-\ConsoleApplication1\x64\Release\libxml2.pdb'에서 찾을 수 없습니다. 디버그 정보가 없는 것처럼 개체를 링크합니다.
libxml2.lib(entities.obj) : warning LNK4099: 'libxml2.pdb' PDB를 'libxml2.lib(entities.obj)' 또는 'C:\Users\DDoLgi\Documents\XML-Parser-with-C-\ConsoleApplication1\x64\Release\libxml2.pdb'에서 찾을 수 없습니다. 디버그 정보가 없는 것처럼 개체를 링크합니다.
libxml2.lib(valid.obj) : warning LNK4099: 'libxml2.pdb' PDB를 'libxml2.lib(valid.obj)' 또는 'C:\Users\DDoLgi\Documents\XML-Parser-with-C-\ConsoleApplication1\x64\Release\libxml2.pdb'에서 찾을 수 없습니다. 디버그 정보가 없는 것처럼 개체를 링크합니다.
libxml2.lib(chvalid.obj) : warning LNK4099: 'libxml2.pdb' PDB를 'libxml2.lib(chvalid.obj)' 또는 'C:\Users\DDoLgi\Documents\XML-Parser-with-C-\ConsoleApplication1\x64\Release\libxml2.pdb'에서 찾을 수 없습니다. 디버그 정보가 없는 것처럼 개체를 링크합니다.
libxml2.lib(globals.obj) : warning LNK4099: 'libxml2.pdb' PDB를 'libxml2.lib(globals.obj)' 또는 'C:\Users\DDoLgi\Documents\XML-Parser-with-C-\ConsoleApplication1\x64\Release\libxml2.pdb'에서 찾을 수 없습니다. 디버그 정보가 없는 것처럼 개체를 링크합니다.
libxml2.lib(dict.obj) : warning LNK4099: 'libxml2.pdb' PDB를 'libxml2.lib(dict.obj)' 또는 'C:\Users\DDoLgi\Documents\XML-Parser-with-C-\ConsoleApplication1\x64\Release\libxml2.pdb'에서 찾을 수 없습니다. 디버그 정보가 없는 것처럼 개체를 링크합니다.
libxml2.lib(uri.obj) : warning LNK4099: 'libxml2.pdb' PDB를 'libxml2.lib(uri.obj)' 또는 'C:\Users\DDoLgi\Documents\XML-Parser-with-C-\ConsoleApplication1\x64\Release\libxml2.pdb'에서 찾을 수 없습니다. 디버그 정보가 없는 것처럼 개체를 링크합니다.
libxml2.lib(hash.obj) : warning LNK4099: 'libxml2.pdb' PDB를 'libxml2.lib(hash.obj)' 또는 'C:\Users\DDoLgi\Documents\XML-Parser-with-C-\ConsoleApplication1\x64\Release\libxml2.pdb'에서 찾을 수 없습니다. 디버그 정보가 없는 것처럼 개체를 링크합니다.
libxml2.lib(error.obj) : warning LNK4099: 'libxml2.pdb' PDB를 'libxml2.lib(error.obj)' 또는 'C:\Users\DDoLgi\Documents\XML-Parser-with-C-\ConsoleApplication1\x64\Release\libxml2.pdb'에서 찾을 수 없습니다. 디버그 정보가 없는 것처럼 개체를 링크합니다.
libxml2.lib(parserInternals.obj) : warning LNK4099: 'libxml2.pdb' PDB를 'libxml2.lib(parserInternals.obj)' 또는 'C:\Users\DDoLgi\Documents\XML-Parser-with-C-\ConsoleApplication1\x64\Release\libxml2.pdb'에서 찾을 수 없습니다. 디버그 정보가 없는 것처럼 개체를 링크합니다.
libxml2.lib(threads.obj) : warning LNK4099: 'libxml2.pdb' PDB를 'libxml2.lib(threads.obj)' 또는 'C:\Users\DDoLgi\Documents\XML-Parser-with-C-\ConsoleApplication1\x64\Release\libxml2.pdb'에서 찾을 수 없습니다. 디버그 정보가 없는 것처럼 개체를 링크합니다.
libxml2.lib(encoding.obj) : warning LNK4099: 'libxml2.pdb' PDB를 'libxml2.lib(encoding.obj)' 또는 'C:\Users\DDoLgi\Documents\XML-Parser-with-C-\ConsoleApplication1\x64\Release\libxml2.pdb'에서 찾을 수 없습니다. 디버그 정보가 없는 것처럼 개체를 링크합니다.
libxml2.lib(xmlIO.obj) : warning LNK4099: 'libxml2.pdb' PDB를 'libxml2.lib(xmlIO.obj)' 또는 'C:\Users\DDoLgi\Documents\XML-Parser-with-C-\ConsoleApplication1\x64\Release\libxml2.pdb'에서 찾을 수 없습니다. 디버그 정보가 없는 것처럼 개체를 링크합니다.
libxml2.lib(xmlmemory.obj) : warning LNK4099: 'libxml2.pdb' PDB를 'libxml2.lib(xmlmemory.obj)' 또는 'C:\Users\DDoLgi\Documents\XML-Parser-with-C-\ConsoleApplication1\x64\Release\libxml2.pdb'에서 찾을 수 없습니다. 디버그 정보가 없는 것처럼 개체를 링크합니다.
libxml2.lib(SAX2.obj) : warning LNK4099: 'libxml2.pdb' PDB를 'libxml2.lib(SAX2.obj)' 또는 'C:\Users\DDoLgi\Documents\XML-Parser-with-C-\ConsoleApplication1\x64\Release\libxml2.pdb'에서 찾을 수 없습니다. 디버그 정보가 없는 것처럼 개체를 링크합니다.
libxml2.lib(catalog.obj) : warning LNK4099: 'libxml2.pdb' PDB를 'libxml2.lib(catalog.obj)' 또는 'C:\Users\DDoLgi\Documents\XML-Parser-with-C-\ConsoleApplication1\x64\Release\libxml2.pdb'에서 찾을 수 없습니다. 디버그 정보가 없는 것처럼 개체를 링크합니다.
libxml2.lib(relaxng.obj) : warning LNK4099: 'libxml2.pdb' PDB를 'libxml2.lib(relaxng.obj)' 또는 'C:\Users\DDoLgi\Documents\XML-Parser-with-C-\ConsoleApplication1\x64\Release\libxml2.pdb'에서 찾을 수 없습니다. 디버그 정보가 없는 것처럼 개체를 링크합니다.
libxml2.lib(xpath.obj) : warning LNK4099: 'libxml2.pdb' PDB를 'libxml2.lib(xpath.obj)' 또는 'C:\Users\DDoLgi\Documents\XML-Parser-with-C-\ConsoleApplication1\x64\Release\libxml2.pdb'에서 찾을 수 없습니다. 디버그 정보가 없는 것처럼 개체를 링크합니다.
libxml2.lib(xmlschemastypes.obj) : warning LNK4099: 'libxml2.pdb' PDB를 'libxml2.lib(xmlschemastypes.obj)' 또는 'C:\Users\DDoLgi\Documents\XML-Parser-with-C-\ConsoleApplication1\x64\Release\libxml2.pdb'에서 찾을 수 없습니다. 디버그 정보가 없는 것처럼 개체를 링크합니다.
libxml2.lib(HTMLparser.obj) : warning LNK4099: 'libxml2.pdb' PDB를 'libxml2.lib(HTMLparser.obj)' 또는 'C:\Users\DDoLgi\Documents\XML-Parser-with-C-\ConsoleApplication1\x64\Release\libxml2.pdb'에서 찾을 수 없습니다. 디버그 정보가 없는 것처럼 개체를 링크합니다.
libxml2.lib(xmlregexp.obj) : warning LNK4099: 'libxml2.pdb' PDB를 'libxml2.lib(xmlregexp.obj)' 또는 'C:\Users\DDoLgi\Documents\XML-Parser-with-C-\ConsoleApplication1\x64\Release\libxml2.pdb'에서 찾을 수 없습니다. 디버그 정보가 없는 것처럼 개체를 링크합니다.
libxml2.lib(list.obj) : warning LNK4099: 'libxml2.pdb' PDB를 'libxml2.lib(list.obj)' 또는 'C:\Users\DDoLgi\Documents\XML-Parser-with-C-\ConsoleApplication1\x64\Release\libxml2.pdb'에서 찾을 수 없습니다. 디버그 정보가 없는 것처럼 개체를 링크합니다.
libxml2.lib(SAX.obj) : warning LNK4099: 'libxml2.pdb' PDB를 'libxml2.lib(SAX.obj)' 또는 'C:\Users\DDoLgi\Documents\XML-Parser-with-C-\ConsoleApplication1\x64\Release\libxml2.pdb'에서 찾을 수 없습니다. 디버그 정보가 없는 것처럼 개체를 링크합니다.
libxml2.lib(nanohttp.obj) : warning LNK4099: 'libxml2.pdb' PDB를 'libxml2.lib(nanohttp.obj)' 또는 'C:\Users\DDoLgi\Documents\XML-Parser-with-C-\ConsoleApplication1\x64\Release\libxml2.pdb'에서 찾을 수 없습니다. 디버그 정보가 없는 것처럼 개체를 링크합니다.
libxml2.lib(nanoftp.obj) : warning LNK4099: 'libxml2.pdb' PDB를 'libxml2.lib(nanoftp.obj)' 또는 'C:\Users\DDoLgi\Documents\XML-Parser-with-C-\ConsoleApplication1\x64\Release\libxml2.pdb'에서 찾을 수 없습니다. 디버그 정보가 없는 것처럼 개체를 링크합니다.
libxml2.lib(HTMLtree.obj) : warning LNK4099: 'libxml2.pdb' PDB를 'libxml2.lib(HTMLtree.obj)' 또는 'C:\Users\DDoLgi\Documents\XML-Parser-with-C-\ConsoleApplication1\x64\Release\libxml2.pdb'에서 찾을 수 없습니다. 디버그 정보가 없는 것처럼 개체를 링크합니다.
libxml2.lib(xmlsave.obj) : warning LNK4099: 'libxml2.pdb' PDB를 'libxml2.lib(xmlsave.obj)' 또는 'C:\Users\DDoLgi\Documents\XML-Parser-with-C-\ConsoleApplication1\x64\Release\libxml2.pdb'에서 찾을 수 없습니다. 디버그 정보가 없는 것처럼 개체를 링크합니다.
libxml2.lib(xmlschemas.obj) : warning LNK4099: 'libxml2.pdb' PDB를 'libxml2.lib(xmlschemas.obj)' 또는 'C:\Users\DDoLgi\Documents\XML-Parser-with-C-\ConsoleApplication1\x64\Release\libxml2.pdb'에서 찾을 수 없습니다. 디버그 정보가 없는 것처럼 개체를 링크합니다.
libxml2.lib(pattern.obj) : warning LNK4099: 'libxml2.pdb' PDB를 'libxml2.lib(pattern.obj)' 또는 'C:\Users\DDoLgi\Documents\XML-Parser-with-C-\ConsoleApplication1\x64\Release\libxml2.pdb'에서 찾을 수 없습니다. 디버그 정보가 없는 것처럼 개체를 링크합니다.
libxml2.lib(xpointer.obj) : warning LNK4099: 'libxml2.pdb' PDB를 'libxml2.lib(xpointer.obj)' 또는 'C:\Users\DDoLgi\Documents\XML-Parser-with-C-\ConsoleApplication1\x64\Release\libxml2.pdb'에서 찾을 수 없습니다. 디버그 정보가 없는 것처럼 개체를 링크합니다.
libxml2.lib(debugXML.obj) : warning LNK4099: 'libxml2.pdb' PDB를 'libxml2.lib(debugXML.obj)' 또는 'C:\Users\DDoLgi\Documents\XML-Parser-with-C-\ConsoleApplication1\x64\Release\libxml2.pdb'에서 찾을 수 없습니다. 디버그 정보가 없는 것처럼 개체를 링크합니다.
libxml2.lib(xmlunicode.obj) : warning LNK4099: 'libxml2.pdb' PDB를 'libxml2.lib(xmlunicode.obj)' 또는 'C:\Users\DDoLgi\Documents\XML-Parser-with-C-\ConsoleApplication1\x64\Release\libxml2.pdb'에서 찾을 수 없습니다. 디버그 정보가 없는 것처럼 개체를 링크합니다.
libxml2.lib(xmlreader.obj) : warning LNK4099: 'libxml2.pdb' PDB를 'libxml2.lib(xmlreader.obj)' 또는 'C:\Users\DDoLgi\Documents\XML-Parser-with-C-\ConsoleApplication1\x64\Release\libxml2.pdb'에서 찾을 수 없습니다. 디버그 정보가 없는 것처럼 개체를 링크합니다.
libxml2.lib(xinclude.obj) : warning LNK4099: 'libxml2.pdb' PDB를 'libxml2.lib(xinclude.obj)' 또는 'C:\Users\DDoLgi\Documents\XML-Parser-with-C-\ConsoleApplication1\x64\Release\libxml2.pdb'에서 찾을 수 없습니다. 디버그 정보가 없는 것처럼 개체를 링크합니다.
  ConsoleApplication1.vcxproj -> C:\Users\DDoLgi\Documents\XML-Parser-with-C-\ConsoleApplication1\x64\Release\ConsoleApplication1.exe
